{
  "stats": {
    "suites": 1,
    "tests": 2,
    "passes": 1,
    "pending": 0,
    "failures": 1,
    "start": "2020-02-05T11:45:05.166Z",
    "end": "2020-02-05T11:45:20.316Z",
    "duration": 15150,
    "testsRegistered": 2,
    "passPercent": 50,
    "pendingPercent": 0,
    "other": 0,
    "hasOther": false,
    "skipped": 0,
    "hasSkipped": false
  },
  "results": [
    {
      "uuid": "ced35ec7-3d91-4087-bd7c-ad1131329858",
      "title": "",
      "fullFile": "cypress\\integration\\TestProject\\TC05_thenCommand.spec.js",
      "file": "cypress\\integration\\TestProject\\TC05_thenCommand.spec.js",
      "beforeHooks": [],
      "afterHooks": [],
      "tests": [],
      "suites": [
        {
          "uuid": "9ede7cea-33b9-4318-b373-cf3172eafedc",
          "title": "Create and mark-unmark as favorite",
          "fullFile": "",
          "file": "",
          "beforeHooks": [],
          "afterHooks": [],
          "tests": [
            {
              "title": "Create a post",
              "fullTitle": "Create and mark-unmark as favorite Create a post",
              "timedOut": null,
              "duration": 7095,
              "state": "passed",
              "speed": "slow",
              "pass": true,
              "fail": false,
              "pending": false,
              "context": null,
              "code": "cy.get('ul.navbar-nav').children().contains('New Post').click();\ncy.hash().should('include', '#/editor');\ncy.get('form').within(function ($form) {\n  cy.get('input').first().type('Test');\n  cy.get('input').eq(1).type('Test 1');\n  cy.get('textarea').last().type('Test 2');\n  cy.contains('Publish Article').click();\n});\ncy.url().should('include', 'article');",
              "err": {},
              "uuid": "c891edf5-d79e-4151-904f-2d666c2f1a4d",
              "parentUUID": "9ede7cea-33b9-4318-b373-cf3172eafedc",
              "isHook": false,
              "skipped": false
            },
            {
              "title": "Mark-unmark as favorite",
              "fullTitle": "Create and mark-unmark as favorite Mark-unmark as favorite",
              "timedOut": null,
              "duration": 7866,
              "state": "failed",
              "speed": null,
              "pass": false,
              "fail": true,
              "pending": false,
              "context": null,
              "code": "cy.get('ul.navbar-nav').children().contains('AnMic').click();\ncy.contains('My Articles').should('be.visible');\ncy.get('.ion-heart').first().click();\ncy.contains('Favorited Articles').click();\ncy.url().should('include', 'favorites');\ncy.get('.btn-primary').first().then(function ($fav) {\n  var favCount = $fav.text();\n  expect(parseInt(favCount)).to.eq(1);\n}).click();\ncy.reload();\ncy.contains('No articles are here... yet.').should('be.visible');\ncy.go('back');",
              "err": {
                "message": "CypressError: Timed out retrying: Expected to find content: 'No articles are here... yet.' but never did.",
                "estack": "CypressError: Timed out retrying: Expected to find content: 'No articles are here... yet.' but never did.\n    at Object.cypressErr (https://react-redux.realworld.io/__cypress/runner/cypress_runner.js:86207:11)\n    at Object.throwErr (https://react-redux.realworld.io/__cypress/runner/cypress_runner.js:86162:18)\n    at Object.throwErrByPath (https://react-redux.realworld.io/__cypress/runner/cypress_runner.js:86194:17)\n    at retry (https://react-redux.realworld.io/__cypress/runner/cypress_runner.js:76849:16)\n    at onFailFn (https://react-redux.realworld.io/__cypress/runner/cypress_runner.js:65634:16)\n    at tryCatcher (https://react-redux.realworld.io/__cypress/runner/cypress_runner.js:120203:23)\n    at Promise._settlePromiseFromHandler (https://react-redux.realworld.io/__cypress/runner/cypress_runner.js:118139:31)\n    at Promise._settlePromise (https://react-redux.realworld.io/__cypress/runner/cypress_runner.js:118196:18)\n    at Promise._settlePromise0 (https://react-redux.realworld.io/__cypress/runner/cypress_runner.js:118241:10)\n    at Promise._settlePromises (https://react-redux.realworld.io/__cypress/runner/cypress_runner.js:118316:18)\n    at Async../node_modules/bluebird/js/release/async.js.Async._drainQueue (https://react-redux.realworld.io/__cypress/runner/cypress_runner.js:114928:16)\n    at Async../node_modules/bluebird/js/release/async.js.Async._drainQueues (https://react-redux.realworld.io/__cypress/runner/cypress_runner.js:114938:10)\n    at Async.drainQueues (https://react-redux.realworld.io/__cypress/runner/cypress_runner.js:114812:14)",
                "diff": null
              },
              "uuid": "ac1bfea6-5675-4d45-83be-1a5028e3523f",
              "parentUUID": "9ede7cea-33b9-4318-b373-cf3172eafedc",
              "isHook": false,
              "skipped": false
            }
          ],
          "suites": [],
          "passes": [
            "c891edf5-d79e-4151-904f-2d666c2f1a4d"
          ],
          "failures": [
            "ac1bfea6-5675-4d45-83be-1a5028e3523f"
          ],
          "pending": [],
          "skipped": [],
          "duration": 14961,
          "root": false,
          "rootEmpty": false,
          "_timeout": 2000
        }
      ],
      "passes": [],
      "failures": [],
      "pending": [],
      "skipped": [],
      "duration": 0,
      "root": true,
      "rootEmpty": true,
      "_timeout": 2000
    }
  ],
  "meta": {
    "mocha": {
      "version": "6.2.2"
    },
    "mochawesome": {
      "options": {
        "quiet": false,
        "reportFilename": "mochawesome",
        "saveHtml": false,
        "saveJson": true,
        "consoleReporter": "spec",
        "useInlineDiffs": false
      },
      "version": "4.1.0"
    },
    "marge": {
      "options": {
        "id": "default",
        "reportDir": "cypress/reports/mocha",
        "quite": true,
        "overwrite": false,
        "html": false,
        "json": true
      },
      "version": "4.1.0"
    }
  }
}